2021-04-09 13:31:47 INFO  BaseClass:16 - Url is opened
  2021-04-09 13:31:48 INFO  BaseClass:20 - Entered User Name
  2021-04-09 13:31:48 INFO  BaseClass:22 - Enterd Password
  2021-04-09 14:03:09 INFO  BaseClass:16 - Url is opened
  2021-04-09 14:03:10 INFO  BaseClass:20 - Entered User Name
  2021-04-09 14:03:10 INFO  BaseClass:22 - Enterd Password
  2021-04-09 15:14:51 INFO  BaseClass:17 - Url is opened
  2021-04-09 15:14:52 INFO  BaseClass:21 - Entered User Name
  2021-04-09 15:14:52 INFO  BaseClass:23 - Enterd Password
  2021-04-09 15:17:52 INFO  BaseClass:17 - Url is opened
  2021-04-09 15:17:52 INFO  BaseClass:21 - Entered User Name
  2021-04-09 15:17:53 INFO  BaseClass:23 - Enterd Password
  2021-04-09 15:21:19 INFO  BaseClass:17 - Url is opened
  2021-04-09 15:21:20 INFO  BaseClass:21 - Entered User Name
  2021-04-09 15:21:20 INFO  BaseClass:23 - Enterd Password
  2021-04-09 15:28:39 INFO  BaseClass:17 - Url is opened
  2021-04-09 15:28:40 INFO  BaseClass:21 - Entered User Name
  2021-04-09 15:28:40 INFO  BaseClass:23 - Enterd Password
  2021-04-09 15:33:09 INFO  BaseClass:17 - Url is opened
  2021-04-09 15:33:10 INFO  BaseClass:21 - Entered User Name
  2021-04-09 15:33:10 INFO  BaseClass:23 - Enterd Password
  2021-04-09 15:35:33 INFO  BaseClass:17 - Url is opened
  2021-04-09 15:35:34 INFO  BaseClass:21 - Entered User Name
  2021-04-09 15:35:34 INFO  BaseClass:23 - Enterd Password
  2021-04-09 16:35:52 INFO  BaseClass:16 - Url is opened
  2021-04-09 16:35:53 INFO  BaseClass:20 - Entered User Name
  2021-04-09 16:35:53 INFO  BaseClass:22 - Enterd Password
  2021-04-09 16:58:57 INFO  BaseClass:16 - Url is opened
  2021-04-09 16:58:57 INFO  BaseClass:20 - Entered User Name
  2021-04-09 16:58:58 INFO  BaseClass:22 - Enterd Password
  2021-04-09 17:04:14 INFO  BaseClass:16 - Url is opened
  2021-04-09 17:04:15 INFO  BaseClass:20 - Entered User Name
  2021-04-09 17:04:15 INFO  BaseClass:22 - Enterd Password
  2021-04-09 19:14:00 INFO  BaseClass:16 - Url is opened
  2021-04-09 19:14:03 INFO  BaseClass:20 - Entered User Name
  2021-04-09 19:14:03 INFO  BaseClass:22 - Enterd Password
  2021-04-09 19:27:42 INFO  BaseClass:16 - Url is opened
  2021-04-09 19:27:42 INFO  BaseClass:20 - Entered User Name
  2021-04-09 19:27:42 INFO  BaseClass:22 - Enterd Password
  2021-04-09 19:30:08 INFO  BaseClass:16 - Url is opened
  2021-04-09 19:30:08 INFO  BaseClass:20 - Entered User Name
  2021-04-09 19:30:08 INFO  BaseClass:22 - Enterd Password
  2021-04-09 19:45:20 INFO  BaseClass:16 - Url is opened
  2021-04-09 19:45:22 INFO  BaseClass:20 - Entered User Name
  2021-04-09 19:45:22 INFO  BaseClass:22 - Enterd Password
  2021-04-09 19:48:26 INFO  BaseClass:16 - Url is opened
  2021-04-09 19:48:27 INFO  BaseClass:20 - Entered User Name
  2021-04-09 19:48:27 INFO  BaseClass:22 - Enterd Password
  2021-04-09 19:49:34 INFO  BaseClass:16 - Url is opened
  2021-04-09 19:49:35 INFO  BaseClass:20 - Entered User Name
  2021-04-09 19:49:35 INFO  BaseClass:22 - Enterd Password
  2021-04-09 19:56:49 INFO  BaseClass:16 - Url is opened
  2021-04-09 19:56:49 INFO  BaseClass:20 - Entered User Name
  2021-04-09 19:56:49 INFO  BaseClass:22 - Enterd Password
  2021-04-09 19:58:17 INFO  BaseClass:16 - Url is opened
  2021-04-09 19:58:19 INFO  BaseClass:20 - Entered User Name
  2021-04-09 19:58:19 INFO  BaseClass:22 - Enterd Password
  2021-04-09 20:01:38 INFO  BaseClass:16 - Url is opened
  2021-04-09 20:01:40 INFO  BaseClass:20 - Entered User Name
  2021-04-09 20:01:40 INFO  BaseClass:22 - Enterd Password
  2021-04-09 20:07:50 INFO  BaseClass:16 - Url is opened
  2021-04-09 20:07:51 INFO  BaseClass:20 - Entered User Name
  2021-04-09 20:07:51 INFO  BaseClass:22 - Enterd Password
  2021-04-09 20:19:37 INFO  BaseClass:16 - Url is opened
  2021-04-09 20:19:38 INFO  BaseClass:20 - Entered User Name
  2021-04-09 20:19:38 INFO  BaseClass:22 - Enterd Password
  2021-04-09 22:25:09 INFO  BaseClass:16 - Url is opened
  2021-04-09 22:25:10 INFO  BaseClass:20 - Entered User Name
  2021-04-09 22:25:10 INFO  BaseClass:22 - Enterd Password
  2021-04-09 22:31:25 INFO  BaseClass:16 - Url is opened
  2021-04-09 22:31:26 INFO  BaseClass:20 - Entered User Name
  2021-04-09 22:31:26 INFO  BaseClass:22 - Enterd Password
  2021-04-09 22:33:50 INFO  BaseClass:16 - Url is opened
  2021-04-09 22:33:51 INFO  BaseClass:20 - Entered User Name
  2021-04-09 22:33:52 INFO  BaseClass:22 - Enterd Password
  2021-04-09 22:40:01 INFO  BaseClass:16 - Url is opened
  2021-04-09 22:40:02 INFO  BaseClass:20 - Entered User Name
  2021-04-09 22:40:02 INFO  BaseClass:22 - Enterd Password
  2021-04-09 22:41:36 INFO  BaseClass:16 - Url is opened
  2021-04-09 22:41:37 INFO  BaseClass:20 - Entered User Name
  2021-04-09 22:41:37 INFO  BaseClass:22 - Enterd Password
  2021-04-09 22:44:53 INFO  BaseClass:16 - Url is opened
  2021-04-09 22:44:55 INFO  BaseClass:20 - Entered User Name
  2021-04-09 22:44:55 INFO  BaseClass:22 - Enterd Password
  2021-04-09 22:46:19 INFO  BaseClass:16 - Url is opened
  2021-04-09 22:46:20 INFO  BaseClass:20 - Entered User Name
  2021-04-09 22:46:20 INFO  BaseClass:22 - Enterd Password
  2021-04-09 22:51:35 INFO  BaseClass:16 - Url is opened
  2021-04-09 22:51:35 INFO  BaseClass:20 - Entered User Name
  2021-04-09 22:51:35 INFO  BaseClass:22 - Enterd Password
  2021-04-09 22:54:50 INFO  BaseClass:16 - Url is opened
  2021-04-09 22:54:50 INFO  BaseClass:20 - Entered User Name
  2021-04-09 22:54:51 INFO  BaseClass:22 - Enterd Password
  2021-04-09 23:04:00 INFO  BaseClass:16 - Url is opened
  2021-04-09 23:04:01 INFO  BaseClass:20 - Entered User Name
  2021-04-09 23:04:01 INFO  BaseClass:22 - Enterd Password
  2021-04-09 23:24:28 INFO  BaseClass:16 - Url is opened
  2021-04-09 23:24:30 INFO  BaseClass:20 - Entered User Name
  2021-04-09 23:24:31 INFO  BaseClass:22 - Enterd Password
  2021-04-10 12:06:53 INFO  BaseClass:21 - Url is opened
  2021-04-10 12:06:54 INFO  BaseClass:25 - Entered User Name
  2021-04-10 12:06:54 INFO  BaseClass:27 - Enterd Password
  2021-04-10 12:23:50 INFO  BaseClass:21 - Url is opened
  2021-04-10 12:23:51 INFO  BaseClass:25 - Entered User Name
  2021-04-10 12:23:51 INFO  BaseClass:27 - Enterd Password
  2021-04-10 12:49:44 INFO  BaseClass:21 - Url is opened
  2021-04-10 12:49:46 INFO  BaseClass:25 - Entered User Name
  2021-04-10 12:49:46 INFO  BaseClass:27 - Enterd Password
  2021-04-10 15:52:38 INFO  BaseClass:22 - Url is opened
  2021-04-10 15:52:39 INFO  BaseClass:26 - Entered User Name
  2021-04-10 15:52:39 INFO  BaseClass:28 - Enterd Password
  2021-04-10 15:53:56 INFO  BaseClass:22 - Url is opened
  2021-04-10 15:53:57 INFO  BaseClass:26 - Entered User Name
  2021-04-10 15:53:57 INFO  BaseClass:28 - Enterd Password
  2021-04-10 15:56:38 INFO  BaseClass:22 - Url is opened
  2021-04-10 15:56:39 INFO  BaseClass:26 - Entered User Name
  2021-04-10 15:56:39 INFO  BaseClass:28 - Enterd Password
  2021-04-10 19:27:15 INFO  BaseClass:22 - Url is opened
  2021-04-10 19:27:16 INFO  BaseClass:26 - Entered User Name
  2021-04-10 19:27:17 INFO  BaseClass:28 - Enterd Password
  2021-04-10 19:33:24 INFO  BaseClass:22 - Url is opened
  2021-04-10 19:33:25 INFO  BaseClass:26 - Entered User Name
  2021-04-10 19:33:25 INFO  BaseClass:28 - Enterd Password
  2021-04-10 19:34:53 INFO  BaseClass:22 - Url is opened
  2021-04-10 19:34:54 INFO  BaseClass:26 - Entered User Name
  2021-04-10 19:34:54 INFO  BaseClass:28 - Enterd Password
  2021-04-10 19:35:01 INFO  BaseClass:50 - Entered Meeting Name
  2021-04-10 19:37:28 INFO  BaseClass:22 - Url is opened
  2021-04-10 19:37:29 INFO  BaseClass:26 - Entered User Name
  2021-04-10 19:37:29 INFO  BaseClass:28 - Enterd Password
  2021-04-10 19:37:36 INFO  BaseClass:50 - Entered Meeting Name
  2021-04-10 20:55:44 INFO  BaseClass:22 - Url is opened
  2021-04-10 20:55:45 INFO  BaseClass:26 - Entered User Name
  2021-04-10 20:55:45 INFO  BaseClass:28 - Enterd Password
  2021-04-10 20:55:54 INFO  BaseClass:51 - Entered Meeting Name
  2021-04-10 21:13:17 INFO  BaseClass:22 - Url is opened
  2021-04-10 21:13:18 INFO  BaseClass:26 - Entered User Name
  2021-04-10 21:13:18 INFO  BaseClass:28 - Enterd Password
  2021-04-10 21:13:23 INFO  BaseClass:52 - Entered Meeting Name
  2021-04-10 21:15:18 INFO  BaseClass:22 - Url is opened
  2021-04-10 21:15:20 INFO  BaseClass:26 - Entered User Name
  2021-04-10 21:15:20 INFO  BaseClass:28 - Enterd Password
  2021-04-10 21:15:23 INFO  BaseClass:52 - Entered Meeting Name
  2021-04-10 21:23:29 INFO  BaseClass:22 - Url is opened
  2021-04-10 21:23:30 INFO  BaseClass:26 - Entered User Name
  2021-04-10 21:23:30 INFO  BaseClass:28 - Enterd Password
  2021-04-10 21:23:36 INFO  BaseClass:52 - Entered Meeting Name
  2021-04-10 21:27:57 INFO  BaseClass:22 - Url is opened
  2021-04-10 21:27:59 INFO  BaseClass:26 - Entered User Name
  2021-04-10 21:27:59 INFO  BaseClass:28 - Enterd Password
  2021-04-10 21:28:05 INFO  BaseClass:52 - Entered Meeting Name
  2021-04-10 21:33:44 INFO  BaseClass:22 - Url is opened
  2021-04-10 21:33:45 INFO  BaseClass:26 - Entered User Name
  2021-04-10 21:33:45 INFO  BaseClass:28 - Enterd Password
  2021-04-10 21:33:52 INFO  BaseClass:52 - Entered Meeting Name
  2021-04-10 21:34:26 INFO  BaseClass:22 - Url is opened
  2021-04-10 21:34:28 INFO  BaseClass:26 - Entered User Name
  2021-04-10 21:34:28 INFO  BaseClass:28 - Enterd Password
  2021-04-10 21:34:33 INFO  BaseClass:52 - Entered Meeting Name
  2021-04-10 21:41:38 INFO  BaseClass:22 - Url is opened
  2021-04-10 21:41:39 INFO  BaseClass:26 - Entered User Name
  2021-04-10 21:41:39 INFO  BaseClass:28 - Enterd Password
  2021-04-10 21:41:51 INFO  BaseClass:52 - Entered Meeting Name
  2021-04-10 21:49:27 INFO  BaseClass:23 - Url is opened
  2021-04-10 21:49:28 INFO  BaseClass:27 - Entered User Name
  2021-04-10 21:49:28 INFO  BaseClass:29 - Enterd Password
  2021-04-10 21:49:33 INFO  BaseClass:53 - Entered Meeting Name
  2021-04-10 21:50:00 INFO  BaseClass:23 - Url is opened
  2021-04-10 21:50:02 INFO  BaseClass:27 - Entered User Name
  2021-04-10 21:50:02 INFO  BaseClass:29 - Enterd Password
  2021-04-10 21:50:06 INFO  BaseClass:53 - Entered Meeting Name
  2021-04-10 22:25:04 INFO  BaseClass:23 - Url is opened
  2021-04-10 22:25:05 INFO  BaseClass:27 - Entered User Name
  2021-04-10 22:25:05 INFO  BaseClass:29 - Enterd Password
  2021-04-10 22:25:14 INFO  BaseClass:53 - Entered Meeting Name
  2021-04-10 22:25:50 INFO  BaseClass:23 - Url is opened
  2021-04-10 22:25:51 INFO  BaseClass:27 - Entered User Name
  2021-04-10 22:25:51 INFO  BaseClass:29 - Enterd Password
  2021-04-10 22:25:57 INFO  BaseClass:53 - Entered Meeting Name
  2021-04-10 22:27:35 INFO  BaseClass:23 - Url is opened
  2021-04-10 22:27:37 INFO  BaseClass:27 - Entered User Name
  2021-04-10 22:27:37 INFO  BaseClass:29 - Enterd Password
  2021-04-10 22:27:41 INFO  BaseClass:53 - Entered Meeting Name
  2021-04-10 22:38:19 INFO  BaseClass:23 - Url is opened
  2021-04-10 22:38:20 INFO  BaseClass:27 - Entered User Name
  2021-04-10 22:38:20 INFO  BaseClass:29 - Enterd Password
  2021-04-10 22:38:23 INFO  BaseClass:53 - Entered Meeting Name
  2021-04-10 22:40:27 INFO  BaseClass:23 - Url is opened
  2021-04-10 22:40:28 INFO  BaseClass:27 - Entered User Name
  2021-04-10 22:40:28 INFO  BaseClass:29 - Enterd Password
  2021-04-10 22:40:36 INFO  BaseClass:53 - Entered Meeting Name
  2021-04-10 22:42:28 INFO  BaseClass:23 - Url is opened
  2021-04-10 22:42:29 INFO  BaseClass:27 - Entered User Name
  2021-04-10 22:42:29 INFO  BaseClass:29 - Enterd Password
  2021-04-10 22:42:33 INFO  BaseClass:53 - Entered Meeting Name
  2021-04-10 22:50:09 INFO  BaseClass:23 - Url is opened
  2021-04-10 22:50:10 INFO  BaseClass:27 - Entered User Name
  2021-04-10 22:50:10 INFO  BaseClass:29 - Enterd Password
  2021-04-10 22:50:15 INFO  BaseClass:53 - Entered Meeting Name
  2021-04-11 11:04:10 INFO  BaseClass:23 - Url is opened
  2021-04-11 11:04:11 INFO  BaseClass:27 - Entered User Name
  2021-04-11 11:04:11 INFO  BaseClass:29 - Enterd Password
  2021-04-11 11:04:23 INFO  BaseClass:53 - Entered Meeting Name
  2021-04-11 11:09:46 INFO  BaseClass:23 - Url is opened
  2021-04-11 11:09:47 INFO  BaseClass:27 - Entered User Name
  2021-04-11 11:09:47 INFO  BaseClass:29 - Enterd Password
  2021-04-11 11:09:58 INFO  BaseClass:53 - Entered Meeting Name
  2021-04-11 11:15:36 INFO  BaseClass:23 - Url is opened
  2021-04-11 11:15:38 INFO  BaseClass:27 - Entered User Name
  2021-04-11 11:15:38 INFO  BaseClass:29 - Enterd Password
  2021-04-11 11:15:51 INFO  BaseClass:53 - Entered Meeting Name
  2021-04-11 18:10:11 INFO  BaseClass:23 - Url is opened
  2021-04-11 18:10:12 INFO  BaseClass:27 - Entered User Name
  2021-04-11 18:10:12 INFO  BaseClass:29 - Enterd Password
  2021-04-11 18:10:23 INFO  BaseClass:53 - Entered Meeting Name
  2021-04-11 18:10:24 INFO  BaseClass:58 - Entred Email invitation
  2021-04-11 18:28:11 INFO  BaseClass:23 - Url is opened
  2021-04-11 18:28:12 INFO  BaseClass:27 - Entered User Name
  2021-04-11 18:28:12 INFO  BaseClass:29 - Enterd Password
  2021-04-11 18:28:20 INFO  BaseClass:53 - Entered Meeting Name
  2021-04-11 18:28:20 INFO  BaseClass:58 - Entred Email invitation
  2021-04-11 18:33:35 INFO  BaseClass:23 - Url is opened
  2021-04-11 18:33:36 INFO  BaseClass:27 - Entered User Name
  2021-04-11 18:33:36 INFO  BaseClass:29 - Enterd Password
  2021-04-11 18:33:41 INFO  BaseClass:53 - Entered Meeting Name
  2021-04-11 18:33:42 INFO  BaseClass:58 - Entred Email invitation
  2021-04-11 18:35:45 INFO  BaseClass:23 - Url is opened
  2021-04-11 18:35:46 INFO  BaseClass:27 - Entered User Name
  2021-04-11 18:35:46 INFO  BaseClass:29 - Enterd Password
  2021-04-11 18:35:55 INFO  BaseClass:53 - Entered Meeting Name
  2021-04-11 18:35:55 INFO  BaseClass:58 - Entred Email invitation
  2021-04-11 18:46:44 INFO  BaseClass:23 - Url is opened
  2021-04-11 18:46:46 INFO  BaseClass:27 - Entered User Name
  2021-04-11 18:46:46 INFO  BaseClass:29 - Enterd Password
  2021-04-11 18:46:55 INFO  BaseClass:53 - Entered Meeting Name
  2021-04-11 18:46:56 INFO  BaseClass:58 - Entred Email invitation
  2021-04-11 18:50:44 INFO  BaseClass:23 - Url is opened
  2021-04-11 18:50:45 INFO  BaseClass:27 - Entered User Name
  2021-04-11 18:50:45 INFO  BaseClass:29 - Enterd Password
  2021-04-11 18:50:57 INFO  BaseClass:53 - Entered Meeting Name
  2021-04-11 18:50:57 INFO  BaseClass:58 - Entred Email invitation
  2021-04-11 18:51:39 INFO  BaseClass:23 - Url is opened
  2021-04-11 18:51:40 INFO  BaseClass:27 - Entered User Name
  2021-04-11 18:51:40 INFO  BaseClass:29 - Enterd Password
  2021-04-11 18:51:47 INFO  BaseClass:53 - Entered Meeting Name
  2021-04-11 18:51:48 INFO  BaseClass:58 - Entred Email invitation
  2021-04-11 18:53:54 INFO  BaseClass:23 - Url is opened
  2021-04-11 18:53:55 INFO  BaseClass:27 - Entered User Name
  2021-04-11 18:53:55 INFO  BaseClass:29 - Enterd Password
  2021-04-11 18:54:00 INFO  BaseClass:53 - Entered Meeting Name
  2021-04-11 18:54:01 INFO  BaseClass:58 - Entred Email invitation
  2021-04-11 19:01:36 INFO  BaseClass:23 - Url is opened
  2021-04-11 19:01:38 INFO  BaseClass:27 - Entered User Name
  2021-04-11 19:01:38 INFO  BaseClass:29 - Enterd Password
  2021-04-11 19:01:45 INFO  BaseClass:53 - Entered Meeting Name
  2021-04-11 19:01:45 INFO  BaseClass:58 - Entred Email invitation
  2021-04-11 19:07:05 INFO  BaseClass:23 - Url is opened
  2021-04-11 19:07:06 INFO  BaseClass:27 - Entered User Name
  2021-04-11 19:07:06 INFO  BaseClass:29 - Enterd Password
  2021-04-11 19:07:11 INFO  BaseClass:53 - Entered Meeting Name
  2021-04-11 19:07:11 INFO  BaseClass:58 - Entred Email invitation
  2021-04-11 19:09:42 INFO  BaseClass:23 - Url is opened
  2021-04-11 19:09:43 INFO  BaseClass:27 - Entered User Name
  2021-04-11 19:09:43 INFO  BaseClass:29 - Enterd Password
  2021-04-11 19:09:49 INFO  BaseClass:53 - Entered Meeting Name
  2021-04-11 19:09:49 INFO  BaseClass:58 - Entred Email invitation
  2021-04-12 11:26:14 INFO  BaseClass:23 - Url is opened
  2021-04-12 11:26:18 INFO  BaseClass:27 - Entered User Name
  2021-04-12 11:26:19 INFO  BaseClass:29 - Enterd Password
  2021-04-12 11:26:23 INFO  BaseClass:53 - Entered Meeting Name
  2021-04-12 11:26:24 INFO  BaseClass:58 - Entred Email invitation
  2021-04-12 12:08:08 INFO  BaseClass:23 - Url is opened
  2021-04-12 12:08:09 INFO  BaseClass:27 - Entered User Name
  2021-04-12 12:08:09 INFO  BaseClass:29 - Enterd Password
  2021-04-12 12:08:18 INFO  BaseClass:53 - Entered Meeting Name
  2021-04-12 12:08:18 INFO  BaseClass:58 - Entred Email invitation
  2021-04-12 12:13:27 INFO  BaseClass:23 - Url is opened
  2021-04-12 12:13:28 INFO  BaseClass:27 - Entered User Name
  2021-04-12 12:13:28 INFO  BaseClass:29 - Enterd Password
  2021-04-12 12:13:31 INFO  BaseClass:53 - Entered Meeting Name
  2021-04-12 12:13:31 INFO  BaseClass:58 - Entred Email invitation
  2021-04-12 12:15:19 INFO  BaseClass:23 - Url is opened
  2021-04-12 12:15:20 INFO  BaseClass:27 - Entered User Name
  2021-04-12 12:15:20 INFO  BaseClass:29 - Enterd Password
  2021-04-12 12:15:26 INFO  BaseClass:53 - Entered Meeting Name
  2021-04-12 12:15:27 INFO  BaseClass:58 - Entred Email invitation
  2021-04-12 12:18:44 INFO  BaseClass:23 - Url is opened
  2021-04-12 12:18:45 INFO  BaseClass:27 - Entered User Name
  2021-04-12 12:18:45 INFO  BaseClass:29 - Enterd Password
  2021-04-12 12:18:52 INFO  BaseClass:53 - Entered Meeting Name
  2021-04-12 12:18:52 INFO  BaseClass:58 - Entred Email invitation
  2021-04-12 12:21:03 INFO  BaseClass:23 - Url is opened
  2021-04-12 12:21:04 INFO  BaseClass:27 - Entered User Name
  2021-04-12 12:21:04 INFO  BaseClass:29 - Enterd Password
  2021-04-12 12:21:09 INFO  BaseClass:53 - Entered Meeting Name
  2021-04-12 12:21:10 INFO  BaseClass:58 - Entred Email invitation
  2021-04-12 14:26:48 INFO  BaseClass:23 - Url is opened
  2021-04-12 14:26:49 INFO  BaseClass:27 - Entered User Name
  2021-04-12 14:26:49 INFO  BaseClass:29 - Enterd Password
  2021-04-12 14:26:59 INFO  BaseClass:53 - Entered Meeting Name
  2021-04-12 14:26:59 INFO  BaseClass:58 - Entred Email invitation
  2021-04-12 14:27:31 INFO  BaseClass:23 - Url is opened
  2021-04-12 14:27:33 INFO  BaseClass:27 - Entered User Name
  2021-04-12 14:27:33 INFO  BaseClass:29 - Enterd Password
  2021-04-12 14:27:37 INFO  BaseClass:53 - Entered Meeting Name
  2021-04-12 14:27:37 INFO  BaseClass:58 - Entred Email invitation
  2021-04-12 14:57:08 INFO  BaseClass:23 - Url is opened
  2021-04-12 14:57:09 INFO  BaseClass:27 - Entered User Name
  2021-04-12 14:57:09 INFO  BaseClass:29 - Enterd Password
  2021-04-12 14:57:14 INFO  BaseClass:53 - Entered Meeting Name
  2021-04-12 14:57:15 INFO  BaseClass:58 - Entred Email invitation
  2021-04-12 15:06:06 INFO  BaseClass:23 - Url is opened
  2021-04-12 15:06:07 INFO  BaseClass:27 - Entered User Name
  2021-04-12 15:06:07 INFO  BaseClass:29 - Enterd Password
  2021-04-12 15:06:11 INFO  BaseClass:53 - Entered Meeting Name
  2021-04-12 15:06:11 INFO  BaseClass:58 - Entred Email invitation
  2021-04-12 15:07:04 INFO  BaseClass:23 - Url is opened
  2021-04-12 15:07:05 INFO  BaseClass:27 - Entered User Name
  2021-04-12 15:07:05 INFO  BaseClass:29 - Enterd Password
  2021-04-12 15:07:08 INFO  BaseClass:53 - Entered Meeting Name
  2021-04-12 15:07:08 INFO  BaseClass:58 - Entred Email invitation
  2021-04-12 15:08:29 INFO  BaseClass:23 - Url is opened
  2021-04-12 15:08:30 INFO  BaseClass:27 - Entered User Name
  2021-04-12 15:08:30 INFO  BaseClass:29 - Enterd Password
  2021-04-12 15:08:32 INFO  BaseClass:53 - Entered Meeting Name
  2021-04-12 15:08:33 INFO  BaseClass:58 - Entred Email invitation
  2021-04-12 15:16:04 INFO  BaseClass:23 - Url is opened
  2021-04-12 15:16:06 INFO  BaseClass:27 - Entered User Name
  2021-04-12 15:16:07 INFO  BaseClass:29 - Enterd Password
  2021-04-12 15:16:10 INFO  BaseClass:53 - Entered Meeting Name
  2021-04-12 15:16:11 INFO  BaseClass:58 - Entred Email invitation
  2021-04-12 15:18:32 INFO  BaseClass:23 - Url is opened
  2021-04-12 15:18:33 INFO  BaseClass:27 - Entered User Name
  2021-04-12 15:18:33 INFO  BaseClass:29 - Enterd Password
  2021-04-12 15:18:44 INFO  BaseClass:53 - Entered Meeting Name
  2021-04-12 15:18:44 INFO  BaseClass:58 - Entred Email invitation
  2021-04-12 15:52:57 INFO  BaseClass:23 - Url is opened
  2021-04-12 15:52:58 INFO  BaseClass:27 - Entered User Name
  2021-04-12 15:52:58 INFO  BaseClass:29 - Enterd Password
  2021-04-12 15:53:09 INFO  BaseClass:53 - Entered Meeting Name
  2021-04-12 15:53:09 INFO  BaseClass:58 - Entred Email invitation
  2021-04-12 15:58:43 INFO  BaseClass:23 - Url is opened
  2021-04-12 15:58:45 INFO  BaseClass:27 - Entered User Name
  2021-04-12 15:58:45 INFO  BaseClass:29 - Enterd Password
  2021-04-12 15:58:56 INFO  BaseClass:53 - Entered Meeting Name
  2021-04-12 15:58:56 INFO  BaseClass:58 - Entred Email invitation
  2021-04-12 16:00:54 INFO  BaseClass:23 - Url is opened
  2021-04-12 16:00:55 INFO  BaseClass:27 - Entered User Name
  2021-04-12 16:00:55 INFO  BaseClass:29 - Enterd Password
  2021-04-12 16:01:05 INFO  BaseClass:53 - Entered Meeting Name
  2021-04-12 16:01:05 INFO  BaseClass:58 - Entred Email invitation
  2021-04-12 16:03:59 INFO  BaseClass:23 - Url is opened
  2021-04-12 16:04:00 INFO  BaseClass:27 - Entered User Name
  2021-04-12 16:04:01 INFO  BaseClass:29 - Enterd Password
  2021-04-12 16:04:15 INFO  BaseClass:53 - Entered Meeting Name
  2021-04-12 16:04:15 INFO  BaseClass:58 - Entred Email invitation
  2021-04-12 16:06:55 INFO  BaseClass:23 - Url is opened
  2021-04-12 16:06:56 INFO  BaseClass:27 - Entered User Name
  2021-04-12 16:06:56 INFO  BaseClass:29 - Enterd Password
  2021-04-12 16:07:06 INFO  BaseClass:53 - Entered Meeting Name
  2021-04-12 16:07:06 INFO  BaseClass:58 - Entred Email invitation
  2021-04-12 16:10:47 INFO  BaseClass:23 - Url is opened
  2021-04-12 16:10:49 INFO  BaseClass:27 - Entered User Name
  2021-04-12 16:10:49 INFO  BaseClass:29 - Enterd Password
  2021-04-12 16:11:00 INFO  BaseClass:53 - Entered Meeting Name
  2021-04-12 16:11:01 INFO  BaseClass:58 - Entred Email invitation
  2021-04-12 16:30:32 INFO  BaseClass:23 - Url is opened
  2021-04-12 16:30:33 INFO  BaseClass:27 - Entered User Name
  2021-04-12 16:30:33 INFO  BaseClass:29 - Enterd Password
  2021-04-12 16:30:38 INFO  BaseClass:53 - Entered Meeting Name
  2021-04-12 16:30:39 INFO  BaseClass:58 - Entred Email invitation
  2021-04-12 16:32:10 INFO  BaseClass:23 - Url is opened
  2021-04-12 16:32:11 INFO  BaseClass:27 - Entered User Name
  2021-04-12 16:32:11 INFO  BaseClass:29 - Enterd Password
  2021-04-12 16:32:13 INFO  BaseClass:53 - Entered Meeting Name
  2021-04-12 16:32:13 INFO  BaseClass:58 - Entred Email invitation
  2021-04-12 16:34:12 INFO  BaseClass:23 - Url is opened
  2021-04-12 16:34:13 INFO  BaseClass:27 - Entered User Name
  2021-04-12 16:34:13 INFO  BaseClass:29 - Enterd Password
  2021-04-12 16:34:16 INFO  BaseClass:53 - Entered Meeting Name
  2021-04-12 16:34:16 INFO  BaseClass:58 - Entred Email invitation
  2021-04-12 16:35:13 INFO  BaseClass:23 - Url is opened
  2021-04-12 16:35:13 INFO  BaseClass:27 - Entered User Name
  2021-04-12 16:35:13 INFO  BaseClass:29 - Enterd Password
  2021-04-12 16:35:16 INFO  BaseClass:53 - Entered Meeting Name
  2021-04-12 16:35:16 INFO  BaseClass:58 - Entred Email invitation
  2021-04-12 20:02:13 INFO  BaseClass:23 - Url is opened
  2021-04-12 20:02:13 INFO  BaseClass:27 - Entered User Name
  2021-04-12 20:02:14 INFO  BaseClass:29 - Enterd Password
  2021-04-12 20:02:16 INFO  BaseClass:53 - Entered Meeting Name
  2021-04-12 20:02:17 INFO  BaseClass:58 - Entred Email invitation
  2021-04-12 20:15:29 INFO  BaseClass:23 - Url is opened
  2021-04-12 20:15:30 INFO  BaseClass:27 - Entered User Name
  2021-04-12 20:15:30 INFO  BaseClass:29 - Enterd Password
  2021-04-12 20:15:35 INFO  BaseClass:53 - Entered Meeting Name
  2021-04-12 20:15:36 INFO  BaseClass:58 - Entred Email invitation
  2021-04-13 21:44:03 INFO  BaseClass:23 - Url is opened
  2021-04-13 21:44:05 INFO  BaseClass:27 - Entered User Name
  2021-04-13 21:44:05 INFO  BaseClass:29 - Enterd Password
  2021-04-13 21:44:14 INFO  BaseClass:53 - Entered Meeting Name
  2021-04-13 21:44:14 INFO  BaseClass:58 - Entred Email invitation
  2021-04-13 21:47:30 INFO  BaseClass:23 - Url is opened
  2021-04-13 21:47:30 INFO  BaseClass:27 - Entered User Name
  2021-04-13 21:47:31 INFO  BaseClass:29 - Enterd Password
  2021-04-13 21:47:40 INFO  BaseClass:53 - Entered Meeting Name
  2021-04-13 21:47:41 INFO  BaseClass:58 - Entred Email invitation
  2021-04-13 21:49:21 INFO  BaseClass:23 - Url is opened
  2021-04-13 21:49:22 INFO  BaseClass:27 - Entered User Name
  2021-04-13 21:49:22 INFO  BaseClass:29 - Enterd Password
  2021-04-13 21:51:03 INFO  BaseClass:23 - Url is opened
  2021-04-13 21:51:05 INFO  BaseClass:27 - Entered User Name
  2021-04-13 21:51:05 INFO  BaseClass:29 - Enterd Password
  2021-04-13 21:51:09 INFO  BaseClass:53 - Entered Meeting Name
  2021-04-13 21:51:09 INFO  BaseClass:58 - Entred Email invitation
  2021-04-14 11:16:23 INFO  BaseClass:23 - Url is opened
  2021-04-14 11:16:24 INFO  BaseClass:27 - Entered User Name
  2021-04-14 11:16:25 INFO  BaseClass:29 - Enterd Password
  2021-04-14 11:16:27 INFO  BaseClass:53 - Entered Meeting Name
  2021-04-14 11:16:28 INFO  BaseClass:58 - Entred Email invitation
  2021-04-14 11:18:11 INFO  BaseClass:23 - Url is opened
  2021-04-14 11:18:12 INFO  BaseClass:27 - Entered User Name
  2021-04-14 11:18:12 INFO  BaseClass:29 - Enterd Password
  2021-04-14 11:18:21 INFO  BaseClass:53 - Entered Meeting Name
  2021-04-14 11:18:21 INFO  BaseClass:58 - Entred Email invitation
  2021-04-14 11:22:06 INFO  BaseClass:23 - Url is opened
  2021-04-14 11:22:08 INFO  BaseClass:27 - Entered User Name
  2021-04-14 11:22:08 INFO  BaseClass:29 - Enterd Password
  2021-04-14 11:22:12 INFO  BaseClass:53 - Entered Meeting Name
  2021-04-14 11:22:12 INFO  BaseClass:58 - Entred Email invitation
  2021-04-14 11:30:43 INFO  BaseClass:23 - Url is opened
  2021-04-14 11:30:44 INFO  BaseClass:27 - Entered User Name
  2021-04-14 11:30:44 INFO  BaseClass:29 - Enterd Password
  2021-04-14 11:30:48 INFO  BaseClass:53 - Entered Meeting Name
  2021-04-14 11:30:49 INFO  BaseClass:58 - Entred Email invitation
  2021-04-14 11:32:01 INFO  BaseClass:23 - Url is opened
  2021-04-14 11:32:02 INFO  BaseClass:27 - Entered User Name
  2021-04-14 11:32:02 INFO  BaseClass:29 - Enterd Password
  2021-04-14 11:32:09 INFO  BaseClass:53 - Entered Meeting Name
  2021-04-14 11:32:09 INFO  BaseClass:58 - Entred Email invitation
  2021-04-14 11:33:49 INFO  BaseClass:23 - Url is opened
  2021-04-14 11:33:50 INFO  BaseClass:27 - Entered User Name
  2021-04-14 11:33:50 INFO  BaseClass:29 - Enterd Password
  2021-04-14 11:33:55 INFO  BaseClass:53 - Entered Meeting Name
  2021-04-14 11:33:56 INFO  BaseClass:58 - Entred Email invitation
  2021-04-14 11:39:50 INFO  BaseClass:23 - Url is opened
  2021-04-14 11:39:51 INFO  BaseClass:27 - Entered User Name
  2021-04-14 11:39:51 INFO  BaseClass:29 - Enterd Password
  2021-04-14 11:40:00 INFO  BaseClass:53 - Entered Meeting Name
  2021-04-14 11:40:00 INFO  BaseClass:58 - Entred Email invitation
  2021-04-14 11:44:08 INFO  BaseClass:23 - Url is opened
  2021-04-14 11:44:09 INFO  BaseClass:27 - Entered User Name
  2021-04-14 11:44:10 INFO  BaseClass:29 - Enterd Password
  2021-04-14 11:44:13 INFO  BaseClass:53 - Entered Meeting Name
  2021-04-14 11:44:13 INFO  BaseClass:58 - Entred Email invitation
  2021-04-14 11:48:37 INFO  BaseClass:23 - Url is opened
  2021-04-14 11:48:38 INFO  BaseClass:27 - Entered User Name
  2021-04-14 11:48:38 INFO  BaseClass:29 - Enterd Password
  2021-04-14 11:48:43 INFO  BaseClass:53 - Entered Meeting Name
  2021-04-14 11:48:43 INFO  BaseClass:58 - Entred Email invitation
  2021-04-14 11:50:46 INFO  BaseClass:23 - Url is opened
  2021-04-14 11:50:47 INFO  BaseClass:27 - Entered User Name
  2021-04-14 11:50:47 INFO  BaseClass:29 - Enterd Password
  2021-04-14 11:50:57 INFO  BaseClass:53 - Entered Meeting Name
  2021-04-14 11:50:58 INFO  BaseClass:58 - Entred Email invitation
  2021-04-14 11:59:46 INFO  BaseClass:23 - Url is opened
  2021-04-14 11:59:47 INFO  BaseClass:27 - Entered User Name
  2021-04-14 11:59:47 INFO  BaseClass:29 - Enterd Password
  2021-04-14 11:59:51 INFO  BaseClass:53 - Entered Meeting Name
  2021-04-14 11:59:51 INFO  BaseClass:58 - Entred Email invitation
  2021-04-14 12:03:34 INFO  BaseClass:23 - Url is opened
  2021-04-14 12:03:36 INFO  BaseClass:27 - Entered User Name
  2021-04-14 12:03:36 INFO  BaseClass:29 - Enterd Password
  2021-04-14 12:03:42 INFO  BaseClass:53 - Entered Meeting Name
  2021-04-14 12:03:42 INFO  BaseClass:58 - Entred Email invitation
  2021-04-14 12:30:38 INFO  BaseClass:23 - Url is opened
  2021-04-14 12:30:39 INFO  BaseClass:27 - Entered User Name
  2021-04-14 12:30:39 INFO  BaseClass:29 - Enterd Password
  2021-04-14 12:30:43 INFO  BaseClass:53 - Entered Meeting Name
  2021-04-14 12:30:43 INFO  BaseClass:58 - Entred Email invitation
  2021-04-14 12:33:30 INFO  BaseClass:23 - Url is opened
  2021-04-14 12:33:31 INFO  BaseClass:27 - Entered User Name
  2021-04-14 12:33:32 INFO  BaseClass:29 - Enterd Password
  2021-04-14 12:33:36 INFO  BaseClass:53 - Entered Meeting Name
  2021-04-14 12:33:36 INFO  BaseClass:58 - Entred Email invitation
  2021-04-14 12:34:28 INFO  BaseClass:23 - Url is opened
  2021-04-14 12:34:29 INFO  BaseClass:27 - Entered User Name
  2021-04-14 12:34:29 INFO  BaseClass:29 - Enterd Password
  2021-04-14 12:34:33 INFO  BaseClass:53 - Entered Meeting Name
  2021-04-14 12:34:34 INFO  BaseClass:58 - Entred Email invitation
  2021-04-14 12:35:27 INFO  BaseClass:23 - Url is opened
  2021-04-14 12:35:28 INFO  BaseClass:27 - Entered User Name
  2021-04-14 12:35:28 INFO  BaseClass:29 - Enterd Password
  2021-04-14 12:35:33 INFO  BaseClass:53 - Entered Meeting Name
  2021-04-14 12:35:34 INFO  BaseClass:58 - Entred Email invitation
  2021-04-14 12:38:54 INFO  BaseClass:23 - Url is opened
  2021-04-14 12:38:55 INFO  BaseClass:27 - Entered User Name
  2021-04-14 12:38:55 INFO  BaseClass:29 - Enterd Password
  2021-04-14 12:39:04 INFO  BaseClass:53 - Entered Meeting Name
  2021-04-14 12:39:04 INFO  BaseClass:58 - Entred Email invitation
  2021-04-14 12:41:43 INFO  BaseClass:23 - Url is opened
  2021-04-14 12:41:44 INFO  BaseClass:27 - Entered User Name
  2021-04-14 12:41:44 INFO  BaseClass:29 - Enterd Password
  2021-04-14 12:41:47 INFO  BaseClass:53 - Entered Meeting Name
  2021-04-14 12:41:47 INFO  BaseClass:58 - Entred Email invitation
  2021-04-14 12:50:03 INFO  BaseClass:23 - Url is opened
  2021-04-14 12:50:04 INFO  BaseClass:27 - Entered User Name
  2021-04-14 12:50:04 INFO  BaseClass:29 - Enterd Password
  2021-04-14 12:50:07 INFO  BaseClass:53 - Entered Meeting Name
  2021-04-14 12:50:08 INFO  BaseClass:58 - Entred Email invitation
  2021-04-14 12:52:54 INFO  BaseClass:23 - Url is opened
  2021-04-14 12:52:55 INFO  BaseClass:27 - Entered User Name
  2021-04-14 12:52:56 INFO  BaseClass:29 - Enterd Password
  2021-04-14 12:53:01 INFO  BaseClass:53 - Entered Meeting Name
  2021-04-14 12:53:02 INFO  BaseClass:58 - Entred Email invitation
  2021-04-14 12:53:54 INFO  BaseClass:23 - Url is opened
  2021-04-14 12:53:55 INFO  BaseClass:27 - Entered User Name
  2021-04-14 12:53:55 INFO  BaseClass:29 - Enterd Password
  2021-04-14 12:53:58 INFO  BaseClass:53 - Entered Meeting Name
  2021-04-14 12:53:58 INFO  BaseClass:58 - Entred Email invitation
  2021-04-14 12:55:29 INFO  BaseClass:23 - Url is opened
  2021-04-14 12:55:30 INFO  BaseClass:27 - Entered User Name
  2021-04-14 12:55:30 INFO  BaseClass:29 - Enterd Password
  2021-04-14 12:55:38 INFO  BaseClass:53 - Entered Meeting Name
  2021-04-14 12:55:39 INFO  BaseClass:58 - Entred Email invitation
  2021-04-14 12:57:17 INFO  BaseClass:23 - Url is opened
  2021-04-14 12:57:18 INFO  BaseClass:27 - Entered User Name
  2021-04-14 12:57:18 INFO  BaseClass:29 - Enterd Password
  2021-04-14 12:57:20 INFO  BaseClass:53 - Entered Meeting Name
  2021-04-14 12:57:20 INFO  BaseClass:58 - Entred Email invitation
  2021-04-14 12:59:34 INFO  BaseClass:23 - Url is opened
  2021-04-14 12:59:36 INFO  BaseClass:27 - Entered User Name
  2021-04-14 12:59:36 INFO  BaseClass:29 - Enterd Password
  2021-04-14 12:59:43 INFO  BaseClass:53 - Entered Meeting Name
  2021-04-14 12:59:43 INFO  BaseClass:58 - Entred Email invitation
  2021-04-14 13:03:47 INFO  BaseClass:23 - Url is opened
  2021-04-14 13:03:48 INFO  BaseClass:27 - Entered User Name
  2021-04-14 13:03:48 INFO  BaseClass:29 - Enterd Password
  2021-04-14 13:03:55 INFO  BaseClass:53 - Entered Meeting Name
  2021-04-14 13:03:55 INFO  BaseClass:58 - Entred Email invitation
  2021-04-14 13:08:11 INFO  BaseClass:23 - Url is opened
  2021-04-14 13:08:12 INFO  BaseClass:27 - Entered User Name
  2021-04-14 13:08:12 INFO  BaseClass:29 - Enterd Password
  2021-04-14 13:08:15 INFO  BaseClass:53 - Entered Meeting Name
  2021-04-14 13:08:15 INFO  BaseClass:58 - Entred Email invitation
  2021-04-14 13:09:26 INFO  BaseClass:23 - Url is opened
  2021-04-14 13:09:27 INFO  BaseClass:27 - Entered User Name
  2021-04-14 13:09:27 INFO  BaseClass:29 - Enterd Password
  2021-04-14 13:09:34 INFO  BaseClass:53 - Entered Meeting Name
  2021-04-14 13:09:34 INFO  BaseClass:58 - Entred Email invitation
  2021-04-14 13:10:34 INFO  BaseClass:23 - Url is opened
  2021-04-14 13:10:35 INFO  BaseClass:27 - Entered User Name
  2021-04-14 13:10:35 INFO  BaseClass:29 - Enterd Password
  2021-04-14 13:10:46 INFO  BaseClass:53 - Entered Meeting Name
  2021-04-14 13:10:46 INFO  BaseClass:58 - Entred Email invitation
  2021-04-14 13:13:54 INFO  BaseClass:23 - Url is opened
  2021-04-14 13:13:56 INFO  BaseClass:27 - Entered User Name
  2021-04-14 13:13:56 INFO  BaseClass:29 - Enterd Password
  2021-04-14 13:14:05 INFO  BaseClass:53 - Entered Meeting Name
  2021-04-14 13:14:06 INFO  BaseClass:58 - Entred Email invitation
  2021-04-14 13:17:39 INFO  BaseClass:23 - Url is opened
  2021-04-14 13:17:40 INFO  BaseClass:27 - Entered User Name
  2021-04-14 13:17:40 INFO  BaseClass:29 - Enterd Password
  2021-04-14 13:17:44 INFO  BaseClass:53 - Entered Meeting Name
  2021-04-14 13:17:45 INFO  BaseClass:58 - Entred Email invitation
  2021-04-14 13:20:10 INFO  BaseClass:23 - Url is opened
  2021-04-14 13:20:11 INFO  BaseClass:27 - Entered User Name
  2021-04-14 13:20:11 INFO  BaseClass:29 - Enterd Password
  2021-04-14 13:20:22 INFO  BaseClass:53 - Entered Meeting Name
  2021-04-14 13:20:23 INFO  BaseClass:58 - Entred Email invitation
  2021-04-14 13:23:45 INFO  BaseClass:23 - Url is opened
  2021-04-14 13:23:46 INFO  BaseClass:27 - Entered User Name
  2021-04-14 13:23:46 INFO  BaseClass:29 - Enterd Password
  2021-04-14 13:23:55 INFO  BaseClass:53 - Entered Meeting Name
  2021-04-14 13:23:56 INFO  BaseClass:58 - Entred Email invitation
  2021-04-14 13:48:06 INFO  BaseClass:23 - Url is opened
  2021-04-14 13:48:07 INFO  BaseClass:27 - Entered User Name
  2021-04-14 13:48:08 INFO  BaseClass:29 - Enterd Password
  2021-04-14 13:48:19 INFO  BaseClass:53 - Entered Meeting Name
  2021-04-14 13:48:19 INFO  BaseClass:58 - Entred Email invitation
  2021-04-14 13:50:52 INFO  BaseClass:23 - Url is opened
  2021-04-14 13:50:55 INFO  BaseClass:27 - Entered User Name
  2021-04-14 13:50:55 INFO  BaseClass:29 - Enterd Password
  2021-04-14 13:51:09 INFO  BaseClass:53 - Entered Meeting Name
  2021-04-14 13:51:09 INFO  BaseClass:58 - Entred Email invitation
  2021-04-14 13:52:14 INFO  BaseClass:23 - Url is opened
  2021-04-14 13:52:15 INFO  BaseClass:27 - Entered User Name
  2021-04-14 13:52:16 INFO  BaseClass:29 - Enterd Password
  2021-04-14 13:52:23 INFO  BaseClass:53 - Entered Meeting Name
  2021-04-14 13:52:24 INFO  BaseClass:58 - Entred Email invitation
  2021-04-14 13:53:56 INFO  BaseClass:23 - Url is opened
  2021-04-14 13:53:58 INFO  BaseClass:27 - Entered User Name
  2021-04-14 13:53:58 INFO  BaseClass:29 - Enterd Password
  2021-04-14 13:54:11 INFO  BaseClass:53 - Entered Meeting Name
  2021-04-14 13:54:11 INFO  BaseClass:58 - Entred Email invitation
  2021-04-14 14:50:57 INFO  BaseClass:23 - Url is opened
  2021-04-14 14:50:58 INFO  BaseClass:27 - Entered User Name
  2021-04-14 14:50:58 INFO  BaseClass:29 - Enterd Password
  2021-04-14 15:00:49 INFO  BaseClass:23 - Url is opened
  2021-04-14 15:00:50 INFO  BaseClass:27 - Entered User Name
  2021-04-14 15:00:50 INFO  BaseClass:29 - Enterd Password
  2021-04-14 15:00:55 INFO  BaseClass:53 - Entered Meeting Name
  2021-04-14 15:00:55 INFO  BaseClass:58 - Entred Email invitation
  